<?xml version="1.0" encoding="UTF-8"?>
<!-- Generated by org.testng.reporters.JUnitReportReporter -->
<testsuite hostname="DESKTOP-Q95CGME" failures="0" tests="1" name="selenium_login.NewTest" time="2.326" errors="0" timestamp="2023-09-11T12:59:22 IST" skipped="0">
  <testcase classname="selenium_login.NewTest" name="f" time="2.326"/>
</testsuite> <!-- selenium_login.NewTest -->
